nohup: ignoring input
2026-02-26 20:46:10,775 - INFO - Starting Drug Extraction Service...
2026-02-26 20:46:10,790 - INFO - Database connection established.
2026-02-26 20:46:10,795 - INFO - Loaded 328 drug categories from knowledge base.
2026-02-26 20:46:10,795 - INFO - input.txt not found. Will fetch unprocessed crimes from DB.
2026-02-26 20:46:10,795 - INFO - No input IDs provided. Starting Dynamic Batch Processing...
2026-02-26 20:46:10,809 - INFO - Fetched batch of 100 unprocessed crimes.
2026-02-26 20:46:10,809 - INFO - Processing Crime ID: 67e520d05c0caf594e1ee66b
2026-02-26 20:56:37,654 - INFO - HTTP Request: POST http://192.168.103.106:11434/api/chat "HTTP/1.1 200 OK"
2026-02-26 21:24:53,428 - INFO - Skipping low confidence extraction (0.6%): Ganja
2026-02-26 21:24:53,428 - INFO - Marking Crime 67e520d05c0caf594e1ee66b as processed (NO_DRUGS_DETECTED).
2026-02-26 21:24:53,435 - INFO - Completed processing for Crime 67e520d05c0caf594e1ee66b. inserted_count=0
2026-02-26 21:24:53,435 - INFO - Processing Crime ID: 67e52c34ea55ac59aec66f50
2026-02-26 21:26:40,494 - INFO - HTTP Request: POST http://192.168.103.106:11434/api/chat "HTTP/1.1 200 OK"
2026-02-26 22:12:41,020 - INFO - Skipping low confidence extraction (0.6%): Ganja
2026-02-26 22:12:41,020 - INFO - Skipping low confidence extraction (0.6%): Ganja
2026-02-26 22:12:41,020 - INFO - Marking Crime 67e52c34ea55ac59aec66f50 as processed (NO_DRUGS_DETECTED).
2026-02-26 22:12:41,025 - INFO - Completed processing for Crime 67e52c34ea55ac59aec66f50. inserted_count=0
2026-02-26 22:12:41,026 - INFO - Processing Crime ID: 67e53305934d345919503ada
2026-02-26 22:19:10,814 - INFO - HTTP Request: POST http://192.168.103.106:11434/api/chat "HTTP/1.1 200 OK"
2026-02-27 00:55:39,754 - INFO - Skipping low confidence extraction (0.6%): Ganja
2026-02-27 00:55:39,754 - INFO - Skipping low confidence extraction (0.6%): Ganja
2026-02-27 00:55:39,755 - ERROR - Unexpected error in main loop: new row for relation "brief_facts_drug" violates check constraint "check_has_measurements"
DETAIL:  Failing row contains (2b2fb42f-3e76-4525-b9a0-c5c5bc586a6d, 67e53305934d345919503ada, null, THC, 0.000000, Unknown, THC, liquid, null, null, null, null, null, 0.95, {"source_sentence": "The test results showed that all eight of t..., f, 0.0, 2026-02-27 00:55:39.7708+00, 2026-02-27 00:55:39.7708+00).

2026-02-27 00:55:39,756 - INFO - Database connection closed.
Skipping invalid: 1 validation error for DrugExtraction
raw_drug_name
  Input should be a valid string [type=string_type, input_value=None, input_type=NoneType]
    For further information visit https://errors.pydantic.dev/2.12/v/string_type
Skipping invalid: 1 validation error for DrugExtraction
raw_drug_name
  Input should be a valid string [type=string_type, input_value=None, input_type=NoneType]
    For further information visit https://errors.pydantic.dev/2.12/v/string_type
